%!Adobe-FontList 1.18
%Locale:0x40c

%BeginFont
Handler:DirectoryHandler
FontType:TrueType
FontName:Economica-Regular
FamilyName:Economica
StyleName:Regular
FullName:Economica
MenuName:Economica
StyleBits:0
WritingScript:Roman
OutlineFileName:D:\Magali\perso\cv_flo\Dossier cv_flo\Document fonts\Economica-Regular.ttf
DataFormat:sfntData
hasSVG:no
FileLength:26756
FileModTime:1509440546
WeightClass:400
WidthClass:5
AngleClass:0
NameArray:0,Mac,4,Economica
NameArray:0,Win,1,Economica
%EndFont

%BeginFont
Handler:DirectoryHandler
FontType:Type1
FontName:MinionPro-Regular
FamilyName:Minion Pro
StyleName:Regular
FullName:Minion Pro
MenuName:Minion Pro
StyleBits:0
WritingScript:Roman
OutlineFileName:D:\Magali\perso\cv_flo\Dossier cv_flo\Document fonts\MinionPro-Regular.otf
DataFormat:sfntData
UsesStandardEncoding:yes
isCFF:yes
hasSVG:no
FileLength:217280
FileModTime:1329299626
WeightClass:400
WidthClass:5
AngleClass:0
DesignSize:110
NameArray:0,Mac,4,Minion Pro
NameArray:0,Win,1,Minion Pro
%EndFont

%BeginFont
Handler:DirectoryHandler
FontType:TrueType
FontName:OpenSansCondensed-Light
FamilyName:Open Sans Condensed
StyleName:Light
FullName:Open Sans Condensed Light
MenuName:Open Sans Condensed Light
StyleBits:0
WritingScript:Roman
OutlineFileName:D:\Magali\perso\cv_flo\Dossier cv_flo\Document fonts\OpenSansCondensed-Light.ttf
DataFormat:sfntData
hasSVG:no
FileLength:220940
FileModTime:1512737118
WeightClass:300
WidthClass:3
AngleClass:0
NameArray:0,Mac,4,Open Sans Condensed Light
NameArray:0,Win,1,Open Sans Condensed Light
NameArray:0,Win,16,Open Sans Condensed
%EndFont

