%!Adobe-FontList 1.14
%Locale:0x40c

%BeginFont
Handler:DirectoryHandler
FontType:TrueType
FontName:Economica-Regular
FamilyName:Economica
StyleName:Regular
FullName:Economica
MenuName:Economica
StyleBits:0
WritingScript:Roman
OutlineFileName:G:\flo formation\MOI\Stage\Dossier cv_flo\Document fonts\Economica-Regular.ttf
DataFormat:sfntData
FileLength:26756
FileModTime:1509440548
WeightClass:400
WidthClass:5
AngleClass:0
%EndFont

%BeginFont
Handler:DirectoryHandler
FontType:TrueType
FontName:OpenSansCondensed-Light
FamilyName:Open Sans Condensed
StyleName:Light
FullName:Open Sans Condensed Light
MenuName:Open Sans Condensed Light
StyleBits:0
WritingScript:Roman
OutlineFileName:G:\flo formation\MOI\Stage\Dossier cv_flo\Document fonts\OpenSansCondensed-Light.ttf
DataFormat:sfntData
FileLength:220940
FileModTime:1512737120
WeightClass:300
WidthClass:3
AngleClass:0
%EndFont

%BeginFont
Handler:DirectoryHandler
FontType:Type1
FontName:MinionPro-Regular
FamilyName:Minion Pro
StyleName:Regular
FullName:Minion Pro
MenuName:Minion Pro
StyleBits:0
WritingScript:Roman
OutlineFileName:G:\flo formation\MOI\Stage\Dossier cv_flo\Document fonts\MinionPro-Regular.otf
DataFormat:sfntData
UsesStandardEncoding:yes
isCFF:yes
FileLength:217280
FileModTime:1329299626
WeightClass:400
WidthClass:5
AngleClass:0
DesignSize:110
%EndFont

